,0
0,35
1,35
2,34
3,34
4,34
5,47
6,47
7,34
8,34
9,34
10,34
11,35
12,35
13,35
14,47
15,47
16,47
17,34
18,34
19,34
20,34
21,34
22,34
23,47
24,34
25,32
26,34
27,34
28,34
29,34
30,34
31,47
32,34
33,34
34,47
35,47
36,47
37,34
38,47
39,47
40,47
41,47
42,47
43,34
44,47
45,34
46,47
47,34
48,6
49,35
50,21
51,21
52,21
53,21
54,21
55,3
56,3
57,21
58,21
59,3
60,3
61,3
62,21
63,21
64,21
65,21
66,21
67,21
68,21
69,21
70,21
71,21
72,21
73,21
74,21
75,21
76,3
77,3
78,3
79,21
80,21
81,21
82,25
83,25
84,30
85,21
86,25
87,25
88,21
89,25
90,25
91,25
92,21
93,25
94,25
95,25
96,21
97,21
98,25
99,25
100,11
101,11
102,11
103,11
104,11
105,11
106,11
107,11
108,11
109,11
110,11
111,11
112,11
113,11
114,11
115,11
116,11
117,11
118,11
119,11
120,11
121,11
122,11
123,11
124,11
125,11
126,11
127,22
128,22
129,11
130,11
131,22
132,11
133,11
134,34
135,8
136,11
137,26
138,11
139,11
140,11
141,11
142,11
143,11
144,11
145,26
146,11
147,11
148,22
149,11
150,1
151,48
152,1
153,18
154,46
155,46
156,46
157,18
158,1
159,1
160,1
161,1
162,16
163,1
164,48
165,18
166,1
167,46
168,46
169,46
170,1
171,46
172,46
173,1
174,48
175,1
176,1
177,43
178,43
179,43
180,1
181,1
182,46
183,1
184,46
185,1
186,1
187,1
188,1
189,33
190,33
191,33
192,1
193,1
194,18
195,33
196,1
197,46
198,46
199,16
200,0
201,0
202,0
203,0
204,0
205,0
206,24
207,0
208,0
209,24
210,0
211,31
212,24
213,0
214,24
215,0
216,24
217,0
218,0
219,24
220,24
221,24
222,24
223,24
224,47
225,47
226,47
227,47
228,47
229,47
230,47
231,47
232,24
233,24
234,24
235,20
236,24
237,24
238,24
239,0
240,0
241,24
242,24
243,0
244,0
245,24
246,24
247,24
248,0
249,24
250,7
251,7
252,31
253,31
254,11
255,31
256,42
257,31
258,31
259,47
260,31
261,41
262,7
263,31
264,7
265,7
266,31
267,31
268,6
269,7
270,6
271,7
272,41
273,41
274,31
275,7
276,41
277,41
278,31
279,31
280,31
281,31
282,31
283,41
284,6
285,6
286,7
287,7
288,41
289,7
290,6
291,6
292,6
293,7
294,31
295,31
296,31
297,31
298,7
299,31
300,14
301,7
302,20
303,7
304,20
305,14
306,31
307,20
308,20
309,14
310,20
311,14
312,37
313,14
314,14
315,14
316,14
317,14
318,14
319,14
320,37
321,14
322,14
323,14
324,14
325,14
326,14
327,14
328,7
329,37
330,14
331,14
332,14
333,7
334,41
335,14
336,14
337,20
338,14
339,14
340,14
341,14
342,14
343,14
344,14
345,14
346,14
347,14
348,14
349,14
350,13
351,13
352,40
353,13
354,31
355,40
356,13
357,40
358,40
359,7
360,13
361,13
362,31
363,13
364,40
365,40
366,31
367,40
368,40
369,13
370,40
371,40
372,40
373,40
374,40
375,40
376,40
377,40
378,40
379,40
380,40
381,13
382,40
383,40
384,40
385,40
386,20
387,40
388,40
389,40
390,40
391,40
392,40
393,40
394,40
395,40
396,40
397,40
398,40
399,40
400,26
401,8
402,26
403,26
404,22
405,22
406,26
407,26
408,26
409,26
410,22
411,26
412,22
413,36
414,36
415,36
416,8
417,26
418,22
419,22
420,22
421,22
422,22
423,22
424,13
425,13
426,26
427,22
428,13
429,13
430,13
431,13
432,11
433,22
434,13
435,26
436,8
437,22
438,26
439,22
440,8
441,8
442,26
443,22
444,26
445,26
446,22
447,11
448,8
449,22
450,42
451,42
452,6
453,42
454,42
455,42
456,6
457,7
458,6
459,42
460,42
461,42
462,42
463,6
464,41
465,9
466,9
467,9
468,9
469,9
470,9
471,9
472,42
473,31
474,9
475,9
476,31
477,31
478,2
479,35
480,31
481,9
482,31
483,35
484,35
485,9
486,9
487,2
488,2
489,6
490,42
491,45
492,2
493,45
494,45
495,45
496,6
497,2
498,2
499,9
500,47
501,47
502,47
503,47
504,19
505,19
506,19
507,19
508,19
509,47
510,19
511,19
512,19
513,19
514,19
515,47
516,47
517,19
518,19
519,19
520,19
521,19
522,47
523,47
524,47
525,47
526,47
527,47
528,47
529,47
530,19
531,47
532,47
533,19
534,19
535,19
536,19
537,19
538,19
539,19
540,47
541,47
542,47
543,47
544,19
545,19
546,19
547,19
548,19
549,19
550,18
551,18
552,18
553,18
554,18
555,18
556,18
557,35
558,18
559,18
560,18
561,43
562,18
563,18
564,18
565,18
566,18
567,18
568,18
569,18
570,18
571,18
572,18
573,18
574,18
575,18
576,18
577,18
578,18
579,18
580,18
581,18
582,18
583,18
584,18
585,18
586,18
587,18
588,18
589,18
590,18
591,18
592,18
593,18
594,18
595,18
596,43
597,16
598,18
599,16
600,14
601,14
602,14
603,14
604,14
605,14
606,37
607,14
608,38
609,38
610,14
611,14
612,14
613,7
614,20
615,6
616,38
617,38
618,38
619,38
620,20
621,41
622,38
623,38
624,31
625,23
626,38
627,20
628,20
629,38
630,38
631,38
632,23
633,23
634,23
635,38
636,23
637,23
638,23
639,23
640,23
641,23
642,23
643,20
644,20
645,20
646,23
647,38
648,24
649,20
650,18
651,46
652,1
653,46
654,43
655,46
656,43
657,46
658,16
659,1
660,48
661,46
662,18
663,46
664,1
665,18
666,1
667,43
668,46
669,46
670,1
671,16
672,16
673,1
674,33
675,16
676,16
677,33
678,16
679,33
680,33
681,33
682,16
683,16
684,16
685,1
686,16
687,16
688,16
689,16
690,16
691,16
692,16
693,16
694,16
695,16
696,16
697,16
698,16
699,16
700,21
701,21
702,3
703,30
704,3
705,3
706,30
707,3
708,3
709,3
710,3
711,3
712,21
713,3
714,30
715,3
716,28
717,3
718,30
719,30
720,30
721,21
722,30
723,3
724,3
725,30
726,30
727,25
728,3
729,3
730,3
731,3
732,21
733,21
734,3
735,30
736,3
737,3
738,30
739,30
740,30
741,30
742,3
743,3
744,25
745,21
746,21
747,21
748,3
749,21
750,15
751,15
752,15
753,15
754,15
755,15
756,15
757,15
758,15
759,15
760,15
761,15
762,15
763,15
764,15
765,15
766,15
767,15
768,15
769,15
770,15
771,15
772,15
773,15
774,15
775,15
776,15
777,15
778,15
779,15
780,15
781,15
782,15
783,15
784,15
785,15
786,15
787,15
788,15
789,15
790,15
791,15
792,15
793,15
794,15
795,15
796,15
797,15
798,15
799,15
800,22
801,22
802,26
803,26
804,22
805,26
806,22
807,8
808,26
809,11
810,11
811,11
812,11
813,22
814,22
815,22
816,26
817,22
818,26
819,26
820,11
821,11
822,22
823,22
824,8
825,22
826,26
827,26
828,22
829,26
830,11
831,11
832,11
833,11
834,11
835,36
836,11
837,11
838,11
839,11
840,8
841,11
842,8
843,8
844,8
845,26
846,11
847,11
848,11
849,22
850,3
851,3
852,3
853,3
854,3
855,3
856,21
857,21
858,21
859,21
860,3
861,30
862,3
863,3
864,3
865,3
866,3
867,21
868,21
869,30
870,30
871,30
872,30
873,3
874,30
875,25
876,30
877,21
878,30
879,21
880,30
881,3
882,3
883,21
884,3
885,3
886,30
887,30
888,30
889,25
890,21
891,30
892,25
893,21
894,25
895,21
896,21
897,21
898,21
899,3
900,41
901,26
902,26
903,8
904,26
905,22
906,26
907,8
908,26
909,26
910,26
911,26
912,26
913,26
914,22
915,26
916,26
917,22
918,26
919,26
920,22
921,22
922,22
923,22
924,22
925,22
926,8
927,22
928,22
929,22
930,22
931,22
932,22
933,26
934,26
935,26
936,22
937,8
938,26
939,26
940,26
941,22
942,26
943,26
944,26
945,8
946,8
947,26
948,26
949,26
950,26
951,36
952,36
953,22
954,8
955,8
956,36
957,36
958,36
959,36
960,8
961,36
962,36
963,22
964,22
965,36
966,36
967,22
968,36
969,36
970,36
971,36
972,36
973,36
974,36
975,36
976,36
977,36
978,36
979,36
980,22
981,22
982,22
983,22
984,11
985,36
986,26
987,8
988,8
989,8
990,22
991,22
992,22
993,8
994,36
995,22
996,22
997,26
998,11
999,8
1000,20
1001,20
1002,20
1003,20
1004,20
1005,20
1006,20
1007,20
1008,20
1009,20
1010,20
1011,20
1012,20
1013,20
1014,20
1015,20
1016,20
1017,20
1018,43
1019,20
1020,43
1021,20
1022,20
1023,20
1024,20
1025,20
1026,20
1027,20
1028,20
1029,20
1030,20
1031,20
1032,20
1033,20
1034,20
1035,20
1036,20
1037,20
1038,20
1039,20
1040,20
1041,20
1042,20
1043,20
1044,20
1045,20
1046,20
1047,20
1048,20
1049,20
1050,22
1051,22
1052,8
1053,8
1054,8
1055,8
1056,8
1057,8
1058,31
1059,8
1060,8
1061,29
1062,8
1063,29
1064,29
1065,6
1066,6
1067,6
1068,26
1069,29
1070,22
1071,29
1072,29
1073,29
1074,22
1075,29
1076,29
1077,8
1078,8
1079,8
1080,22
1081,22
1082,22
1083,22
1084,8
1085,22
1086,22
1087,8
1088,20
1089,8
1090,22
1091,8
1092,8
1093,22
1094,8
1095,8
1096,8
1097,8
1098,8
1099,8
1100,6
1101,6
1102,6
1103,6
1104,7
1105,6
1106,31
1107,7
1108,6
1109,41
1110,31
1111,31
1112,31
1113,6
1114,6
1115,31
1116,31
1117,7
1118,6
1119,7
1120,7
1121,31
1122,41
1123,31
1124,41
1125,31
1126,31
1127,41
1128,7
1129,41
1130,31
1131,41
1132,41
1133,41
1134,6
1135,7
1136,7
1137,7
1138,41
1139,41
1140,7
1141,31
1142,44
1143,31
1144,31
1145,7
1146,41
1147,31
1148,41
1149,6
1150,24
1151,24
1152,0
1153,35
1154,24
1155,24
1156,24
1157,24
1158,24
1159,24
1160,0
1161,24
1162,24
1163,0
1164,0
1165,24
1166,0
1167,0
1168,0
1169,0
1170,24
1171,24
1172,0
1173,0
1174,0
1175,0
1176,29
1177,24
1178,0
1179,24
1180,0
1181,0
1182,0
1183,0
1184,0
1185,0
1186,0
1187,0
1188,0
1189,24
1190,0
1191,0
1192,24
1193,24
1194,0
1195,24
1196,0
1197,24
1198,47
1199,24
1200,22
1201,8
1202,8
1203,29
1204,29
1205,29
1206,29
1207,29
1208,29
1209,29
1210,29
1211,29
1212,29
1213,29
1214,29
1215,29
1216,29
1217,29
1218,29
1219,29
1220,29
1221,29
1222,29
1223,29
1224,29
1225,29
1226,29
1227,26
1228,26
1229,34
1230,29
1231,29
1232,29
1233,29
1234,29
1235,22
1236,29
1237,29
1238,29
1239,41
1240,8
1241,11
1242,8
1243,29
1244,44
1245,8
1246,29
1247,22
1248,8
1249,8
1250,42
1251,42
1252,42
1253,42
1254,42
1255,42
1256,42
1257,42
1258,9
1259,9
1260,9
1261,42
1262,42
1263,42
1264,9
1265,9
1266,9
1267,7
1268,42
1269,42
1270,42
1271,42
1272,42
1273,42
1274,9
1275,42
1276,9
1277,9
1278,42
1279,9
1280,42
1281,42
1282,42
1283,42
1284,9
1285,42
1286,42
1287,42
1288,35
1289,42
1290,9
1291,9
1292,9
1293,9
1294,9
1295,9
1296,9
1297,9
1298,42
1299,42
1300,37
1301,7
1302,37
1303,7
1304,14
1305,37
1306,14
1307,37
1308,37
1309,37
1310,37
1311,37
1312,37
1313,37
1314,37
1315,37
1316,37
1317,37
1318,38
1319,38
1320,37
1321,37
1322,38
1323,38
1324,37
1325,37
1326,37
1327,37
1328,37
1329,14
1330,37
1331,37
1332,37
1333,14
1334,37
1335,37
1336,37
1337,7
1338,37
1339,37
1340,37
1341,37
1342,6
1343,37
1344,37
1345,37
1346,37
1347,37
1348,37
1349,37
1350,10
1351,10
1352,10
1353,10
1354,10
1355,10
1356,10
1357,10
1358,10
1359,10
1360,10
1361,10
1362,10
1363,10
1364,10
1365,10
1366,10
1367,10
1368,10
1369,16
1370,16
1371,16
1372,16
1373,43
1374,10
1375,1
1376,10
1377,16
1378,10
1379,18
1380,10
1381,10
1382,10
1383,10
1384,10
1385,10
1386,10
1387,10
1388,10
1389,10
1390,10
1391,10
1392,10
1393,10
1394,10
1395,10
1396,10
1397,13
1398,43
1399,10
1400,28
1401,28
1402,28
1403,28
1404,28
1405,28
1406,28
1407,28
1408,28
1409,28
1410,28
1411,28
1412,28
1413,28
1414,28
1415,28
1416,28
1417,28
1418,28
1419,28
1420,28
1421,28
1422,28
1423,28
1424,28
1425,28
1426,28
1427,28
1428,28
1429,28
1430,28
1431,28
1432,28
1433,28
1434,28
1435,28
1436,28
1437,28
1438,28
1439,28
1440,28
1441,28
1442,28
1443,28
1444,28
1445,28
1446,28
1447,28
1448,28
1449,28
1450,12
1451,12
1452,12
1453,12
1454,12
1455,12
1456,27
1457,27
1458,12
1459,12
1460,12
1461,12
1462,27
1463,27
1464,27
1465,12
1466,27
1467,27
1468,27
1469,27
1470,27
1471,12
1472,27
1473,27
1474,27
1475,27
1476,27
1477,27
1478,12
1479,27
1480,27
1481,27
1482,6
1483,6
1484,27
1485,29
1486,27
1487,27
1488,27
1489,27
1490,27
1491,12
1492,12
1493,12
1494,12
1495,12
1496,12
1497,12
1498,12
1499,9
1500,0
1501,0
1502,24
1503,24
1504,0
1505,0
1506,0
1507,24
1508,24
1509,0
1510,0
1511,24
1512,24
1513,24
1514,24
1515,0
1516,24
1517,24
1518,7
1519,24
1520,24
1521,24
1522,0
1523,24
1524,24
1525,24
1526,13
1527,13
1528,24
1529,24
1530,1
1531,0
1532,24
1533,0
1534,0
1535,24
1536,0
1537,18
1538,24
1539,24
1540,24
1541,24
1542,24
1543,24
1544,24
1545,24
1546,24
1547,24
1548,24
1549,24
1550,31
1551,35
1552,35
1553,35
1554,42
1555,42
1556,35
1557,7
1558,42
1559,7
1560,6
1561,9
1562,34
1563,7
1564,9
1565,9
1566,9
1567,41
1568,9
1569,31
1570,41
1571,41
1572,7
1573,41
1574,6
1575,9
1576,9
1577,42
1578,9
1579,41
1580,41
1581,41
1582,9
1583,9
1584,9
1585,7
1586,7
1587,42
1588,6
1589,6
1590,6
1591,42
1592,42
1593,42
1594,9
1595,42
1596,42
1597,2
1598,6
1599,9
1600,17
1601,17
1602,17
1603,17
1604,20
1605,17
1606,17
1607,17
1608,17
1609,17
1610,17
1611,17
1612,17
1613,17
1614,17
1615,17
1616,17
1617,17
1618,17
1619,17
1620,17
1621,17
1622,17
1623,17
1624,17
1625,17
1626,20
1627,17
1628,17
1629,17
1630,17
1631,17
1632,17
1633,17
1634,17
1635,17
1636,17
1637,17
1638,17
1639,17
1640,20
1641,20
1642,17
1643,17
1644,17
1645,17
1646,17
1647,17
1648,17
1649,17
1650,41
1651,44
1652,44
1653,41
1654,41
1655,41
1656,44
1657,44
1658,31
1659,44
1660,44
1661,44
1662,44
1663,44
1664,29
1665,41
1666,31
1667,31
1668,44
1669,31
1670,7
1671,44
1672,44
1673,44
1674,44
1675,44
1676,44
1677,44
1678,31
1679,31
1680,44
1681,44
1682,44
1683,31
1684,44
1685,6
1686,41
1687,41
1688,41
1689,44
1690,44
1691,44
1692,44
1693,44
1694,44
1695,44
1696,44
1697,44
1698,44
1699,44
1700,18
1701,1
1702,10
1703,46
1704,1
1705,1
1706,1
1707,1
1708,48
1709,48
1710,1
1711,18
1712,1
1713,48
1714,1
1715,1
1716,43
1717,1
1718,46
1719,46
1720,46
1721,46
1722,18
1723,46
1724,46
1725,48
1726,43
1727,43
1728,43
1729,1
1730,1
1731,46
1732,43
1733,43
1734,16
1735,43
1736,43
1737,43
1738,33
1739,43
1740,43
1741,43
1742,1
1743,43
1744,43
1745,43
1746,43
1747,43
1748,43
1749,43
1750,2
1751,2
1752,2
1753,2
1754,2
1755,2
1756,2
1757,2
1758,2
1759,2
1760,41
1761,41
1762,41
1763,29
1764,2
1765,2
1766,6
1767,41
1768,2
1769,2
1770,2
1771,2
1772,2
1773,2
1774,45
1775,2
1776,2
1777,2
1778,2
1779,45
1780,45
1781,45
1782,45
1783,29
1784,45
1785,45
1786,45
1787,45
1788,45
1789,29
1790,2
1791,45
1792,2
1793,45
1794,29
1795,29
1796,45
1797,41
1798,2
1799,2
1800,41
1801,6
1802,6
1803,41
1804,44
1805,6
1806,44
1807,6
1808,6
1809,6
1810,31
1811,31
1812,6
1813,6
1814,6
1815,6
1816,31
1817,7
1818,31
1819,6
1820,6
1821,6
1822,41
1823,41
1824,41
1825,7
1826,6
1827,6
1828,41
1829,41
1830,41
1831,41
1832,41
1833,41
1834,7
1835,31
1836,31
1837,41
1838,31
1839,31
1840,41
1841,6
1842,6
1843,41
1844,41
1845,41
1846,6
1847,41
1848,6
1849,7
1850,5
1851,48
1852,5
1853,48
1854,5
1855,5
1856,5
1857,5
1858,5
1859,5
1860,5
1861,5
1862,5
1863,5
1864,48
1865,5
1866,5
1867,5
1868,5
1869,5
1870,5
1871,4
1872,5
1873,5
1874,5
1875,5
1876,5
1877,5
1878,5
1879,5
1880,5
1881,5
1882,5
1883,5
1884,5
1885,4
1886,5
1887,5
1888,5
1889,5
1890,5
1891,5
1892,5
1893,4
1894,5
1895,5
1896,5
1897,5
1898,5
1899,5
1900,27
1901,12
1902,27
1903,27
1904,27
1905,27
1906,27
1907,27
1908,27
1909,27
1910,27
1911,12
1912,12
1913,12
1914,12
1915,12
1916,12
1917,12
1918,12
1919,12
1920,12
1921,27
1922,27
1923,27
1924,27
1925,27
1926,12
1927,27
1928,27
1929,27
1930,12
1931,12
1932,12
1933,12
1934,27
1935,12
1936,27
1937,27
1938,27
1939,27
1940,27
1941,27
1942,27
1943,27
1944,12
1945,26
1946,12
1947,12
1948,12
1949,27
1950,31
1951,39
1952,39
1953,39
1954,39
1955,39
1956,39
1957,39
1958,39
1959,39
1960,39
1961,39
1962,41
1963,31
1964,31
1965,31
1966,31
1967,31
1968,31
1969,31
1970,39
1971,39
1972,39
1973,39
1974,39
1975,31
1976,39
1977,41
1978,31
1979,31
1980,39
1981,39
1982,39
1983,39
1984,39
1985,41
1986,39
1987,39
1988,39
1989,39
1990,39
1991,31
1992,31
1993,31
1994,31
1995,39
1996,31
1997,31
1998,31
1999,31
2000,32
2001,32
2002,32
2003,32
2004,32
2005,32
2006,32
2007,32
2008,32
2009,32
2010,34
2011,32
2012,32
2013,32
2014,32
2015,32
2016,32
2017,32
2018,32
2019,32
2020,32
2021,32
2022,32
2023,32
2024,32
2025,32
2026,32
2027,32
2028,32
2029,32
2030,2
2031,2
2032,35
2033,32
2034,32
2035,2
2036,2
2037,2
2038,32
2039,20
2040,32
2041,43
2042,43
2043,43
2044,34
2045,32
2046,32
2047,32
2048,2
2049,2
2050,9
2051,9
2052,9
2053,34
2054,9
2055,35
2056,42
2057,41
2058,41
2059,9
2060,42
2061,9
2062,42
2063,9
2064,9
2065,9
2066,9
2067,9
2068,9
2069,9
2070,9
2071,9
2072,9
2073,9
2074,9
2075,9
2076,9
2077,35
2078,9
2079,9
2080,9
2081,42
2082,9
2083,42
2084,9
2085,35
2086,9
2087,35
2088,9
2089,9
2090,9
2091,9
2092,9
2093,42
2094,42
2095,9
2096,9
2097,9
2098,42
2099,9
2100,4
2101,4
2102,4
2103,18
2104,18
2105,26
2106,43
2107,48
2108,48
2109,48
2110,4
2111,4
2112,4
2113,4
2114,11
2115,4
2116,48
2117,48
2118,4
2119,4
2120,5
2121,48
2122,4
2123,4
2124,4
2125,48
2126,18
2127,4
2128,4
2129,4
2130,4
2131,4
2132,48
2133,5
2134,18
2135,4
2136,4
2137,18
2138,48
2139,48
2140,48
2141,48
2142,48
2143,18
2144,4
2145,4
2146,4
2147,4
2148,4
2149,4
2150,48
2151,48
2152,10
2153,48
2154,43
2155,48
2156,43
2157,43
2158,43
2159,16
2160,1
2161,1
2162,46
2163,33
2164,33
2165,33
2166,1
2167,33
2168,33
2169,33
2170,1
2171,16
2172,16
2173,33
2174,16
2175,33
2176,33
2177,16
2178,16
2179,16
2180,16
2181,16
2182,33
2183,16
2184,16
2185,16
2186,16
2187,16
2188,16
2189,1
2190,1
2191,43
2192,33
2193,16
2194,1
2195,1
2196,1
2197,1
2198,33
2199,33
2200,22
2201,22
2202,11
2203,8
2204,11
2205,11
2206,8
2207,8
2208,11
2209,11
2210,11
2211,8
2212,11
2213,8
2214,22
2215,44
2216,22
2217,8
2218,22
2219,22
2220,22
2221,11
2222,11
2223,11
2224,22
2225,22
2226,22
2227,22
2228,11
2229,11
2230,11
2231,22
2232,8
2233,11
2234,47
2235,8
2236,8
2237,8
2238,22
2239,11
2240,22
2241,8
2242,11
2243,11
2244,11
2245,11
2246,11
2247,8
2248,8
2249,8
2250,4
2251,4
2252,48
2253,48
2254,4
2255,18
2256,48
2257,48
2258,48
2259,48
2260,48
2261,5
2262,4
2263,5
2264,5
2265,48
2266,5
2267,5
2268,48
2269,4
2270,5
2271,5
2272,5
2273,4
2274,4
2275,4
2276,5
2277,5
2278,5
2279,5
2280,5
2281,5
2282,48
2283,5
2284,5
2285,5
2286,4
2287,4
2288,4
2289,5
2290,5
2291,48
2292,48
2293,5
2294,5
2295,5
2296,5
2297,4
2298,5
2299,5
2300,42
2301,9
2302,9
2303,35
2304,35
2305,42
2306,42
2307,35
2308,42
2309,42
2310,2
2311,42
2312,42
2313,42
2314,35
2315,35
2316,35
2317,35
2318,35
2319,9
2320,35
2321,35
2322,35
2323,35
2324,9
2325,42
2326,9
2327,35
2328,9
2329,9
2330,2
2331,2
2332,9
2333,2
2334,9
2335,9
2336,9
2337,9
2338,35
2339,9
2340,35
2341,9
2342,9
2343,42
2344,42
2345,42
2346,9
2347,35
2348,42
2349,42
2350,26
2351,26
2352,26
2353,26
2354,22
2355,26
2356,26
2357,26
2358,22
2359,22
2360,26
2361,26
2362,22
2363,22
2364,26
2365,22
2366,22
2367,26
2368,8
2369,8
2370,22
2371,26
2372,22
2373,22
2374,22
2375,22
2376,6
2377,6
2378,22
2379,22
2380,22
2381,22
2382,26
2383,26
2384,26
2385,22
2386,26
2387,8
2388,44
2389,22
2390,22
2391,8
2392,26
2393,22
2394,22
2395,26
2396,22
2397,22
2398,26
2399,22
2400,13
2401,13
2402,20
2403,13
2404,7
2405,7
2406,7
2407,40
2408,40
2409,40
2410,40
2411,40
2412,40
2413,40
2414,13
2415,13
2416,40
2417,13
2418,6
2419,13
2420,40
2421,13
2422,6
2423,41
2424,13
2425,40
2426,40
2427,40
2428,13
2429,13
2430,6
2431,6
2432,6
2433,7
2434,41
2435,13
2436,13
2437,13
2438,13
2439,20
2440,20
2441,20
2442,13
2443,20
2444,13
2445,13
2446,13
2447,13
2448,13
2449,13
2450,43
2451,18
2452,18
2453,48
2454,10
2455,47
2456,1
2457,18
2458,16
2459,16
2460,16
2461,16
2462,43
2463,16
2464,16
2465,16
2466,18
2467,18
2468,43
2469,18
2470,48
2471,1
2472,1
2473,43
2474,33
2475,1
2476,43
2477,1
2478,43
2479,16
2480,48
2481,1
2482,43
2483,43
2484,43
2485,43
2486,1
2487,4
2488,18
2489,1
2490,43
2491,18
2492,16
2493,18
2494,1
2495,18
2496,18
2497,18
2498,18
2499,16
